<?xml version="1.0" encoding="UTF-8"?>
<!-- Generated by org.testng.reporters.JUnitReportReporter -->
<testsuite skipped="0" hostname="PVANDANA-L-1037" name="DropDownRepo" tests="1" failures="0" timestamp="26 Oct 2017 13:34:08 GMT" time="11.129" errors="0">
  <testcase name="DropDownUsingList" time="11.129" classname="DropDownRepo"/>
</testsuite> <!-- DropDownRepo -->
