<?xml version="1.0" encoding="UTF-8"?>
<!-- Generated by org.testng.reporters.JUnitReportReporter -->
<testsuite skipped="0" hostname="PVANDANA-L-1037" name="Registration" tests="1" failures="0" timestamp="26 Oct 2017 10:20:49 GMT" time="23.527" errors="0">
  <testcase name="Registration1" time="23.527" classname="Registration"/>
</testsuite> <!-- Registration -->
